20231109230759|clipboardStack
20231109230801|" A_Clipboard "`n"
20231109230804|ous, clipboard
20231109231702|a_traymenu.add("Ini Builder(legacy)", (item_name,*)=>menu_handler(item_name))
20231109231800|20231109231702|a_traymenu.add("Ini Builder(legacy)", (item_name,*)=>menu_handler(item_name))

20231109231955|Saga: -328839 11300 -42572 -173.10 -25.73
[8:57 PM]Saga: deep sea drop
[8:57 PM]Saga: -338100 63292 -42702 88.32 -13.52
[8:57 PM]Saga: mosa spawn
[8:59 PM]Saga: -339607 145081 -37371 101.24 1.24
[8:59 PM]Saga: mosa spawn
[9:01 PM]Saga: -332946 276654 -33293 96.64 -17.60
[9:01 PM]Saga: mosa spawn
[9:02 PM]Saga: -332310 330991 -36042 45.44 -11.23
[9:02 PM]Saga: mosa spawn
[9:04 PM]Saga: -165116 328664 -37619 9.84 -12.93
[9:04 PM]Saga: mosa
[9:06 PM]Saga: -92236 331813 -39434 24.86 -7.91
[9:06 PM]Saga: mosa
[9:06 PM]Saga: -22683 335672 -36530 -105.73 -6.16
[9:06 PM]Saga: mosa
[9:08 PM]Saga: 18131 335143 -36270 108.02 -10.08
[9:08 PM]Saga: mosa
[9:10 PM]Saga: 163563 326033 -37631 -31.85 -15.61
[9:10 PM]Saga: mosa
[9:11 PM]Saga: 231696 330168 -38828 -79.12 -11.95
[9:11 PM]Saga: mosa
[9:11 PM]Saga: 215964 273490 -30641 -46.91 -7.69
[9:11 PM]Saga: mosa
[9:12 PM]Saga: 287230 329369 -39175 55.43 -9.18
[9:12 PM]Saga: mosa
[9:16 PM]Saga: 334445 333893 -40298 131.22 20.52
[9:16 PM]Saga: mosa
[9:22 PM]Saga: 335107 24900 -40380 -72.53 10.91
[9:22 PM]Saga: mosa
[9:34 PM]Saga: 208412 -332887 -35130 -152.42 -14.64
[9:34 PM]Saga: mosa
[9:36 PM]Saga: 12299 -337799 -39540 -164.86 -15.55
[9:36 PM]Saga: mosa
[9:37 PM]Saga: -88381 -313963 -37652 146.42 9.30
[9:37 PM]Saga: -120544 -336827 -39647 129.55 -10.55
[9:37 PM]Saga: mosa
[9:38 PM]Saga: -194456 -317056 -33666 113.10 -1.09
[9:38 PM]Saga: mosa
[9:41 PM]Saga: -256641 -319941 -32050 -169.86 -5.68
[9:41 PM]Saga: mosa
[9:42 PM]Saga: -336867 -328553 -37624 108.95 -20.77
[9:42 PM]Saga: mosa
[9:43 PM]Saga: -336904 -262626 -36077 81.35 -15.92
[9:44 PM]Saga: -335837 -216798 -35741 86.81 -6.69
[9:44 PM]Saga: -327933 -166982 -34175 -153.41 -21.66
[9:46 PM]Saga: -336664 -117502 -37805 89.02 2.08
[9:46 PM]Saga: -330919 -74926 -36087 47.08 -11.54
20231109232007|-328839 11300 -42572 -173.10 -25.73

20231109232020|-338100 63292 -42702 88.32 -13.52

20231109232022|-339607 145081 -37371 101.24 1.24

20231109232024|-332946 276654 -33293 96.64 -17.60

20231109232027|-332310 330991 -36042 45.44 -11.23

20231109232029|-165116 328664 -37619 9.84 -12.93

20231109232031|-92236 331813 -39434 24.86 -7.91

20231109232034|-22683 335672 -36530 -105.73 -6.16

20231109232035|18131 335143 -36270 108.02 -10.08

20231109232037|163563 326033 -37631 -31.85 -15.61

20231109232040|231696 330168 -38828 -79.12 -11.95

20231109232041|215964 273490 -30641 -46.91 -7.69

20231109232044|287230 329369 -39175 55.43 -9.18

20231109232047|334445 333893 -40298 131.22 20.52

20231109232049|335107 24900 -40380 -72.53 10.91

20231109232051|208412 -332887 -35130 -152.42 -14.64

20231109232053|12299 -337799 -39540 -164.86 -15.55

20231109232056|-88381 -313963 -37652 146.42 9.30

20231109232058|-120544 -336827 -39647 129.55 -10.55

20231109232100|-194456 -317056 -33666 113.10 -1.09

20231109232106|-608807.54

20231109232108|-336867 -328553 -37624 108.95 -20.77

20231109232111|-336904 -262626 -36077 81.35 -15.92

20231109232114|-335837 -216798 -35741 86.81 -6.69

20231109232116|-529265.07

20231109232118|-336664 -117502 -37805 89.02 2.08

20231109232120|-330919 -74926 -36087 47.08 -11.54

20231109232623|mosa spawn
20231109232642|mosa
20231109232649|mosa spawn
20231109232650|mosa
20231109232654|mosa spawn
20231109232656|mosa 
20231109232659|mosa spawn
